<?xml version="1.0" encoding="UTF-8"?>
<!-- Generated by org.testng.reporters.JUnitReportReporter -->
<testsuite hostname="Mukesh" name="Config.TestConfig" tests="1" failures="0" timestamp="7 Sep 2015 12:42:18 GMT" time="25.955" errors="0">
  <testcase name="startTest" time="25.955" classname="Config.TestConfig"/>
</testsuite> <!-- Config.TestConfig -->
